生成启动时间为 2014/6/21 0:22:09。
     1>项目“F:\xampp\oop\student grade system\student grade system.vcxproj”在节点 2 上(Build 个目标)。
     1>ClCompile:
         F:\Program Files\Visual Studio 2013\VC\bin\CL.exe /c /ZI /nologo /W3 /WX- /sdl /Od /Oy- /D _MBCS /Gm /EHsc /RTC1 /MDd /GS /fp:precise /Zc:wchar_t /Zc:forScope /Fo"Debug\\" /Fd"Debug\vc120.pdb" /Gd /TP /wd4819 /analyze- /errorReport:prompt courses.cpp grades.cpp main.cpp students.cpp
         main.cpp
         正在生成代码...
         正在编译...
         students.cpp
         grades.cpp
         courses.cpp
         正在生成代码...
       Link:
         F:\Program Files\Visual Studio 2013\VC\bin\link.exe /ERRORREPORT:PROMPT /OUT:"F:\xampp\oop\Debug\student grade system.exe" /INCREMENTAL /NOLOGO kernel32.lib user32.lib gdi32.lib winspool.lib comdlg32.lib advapi32.lib shell32.lib ole32.lib oleaut32.lib uuid.lib odbc32.lib odbccp32.lib /MANIFEST /MANIFESTUAC:"level='asInvoker' uiAccess='false'" /manifest:embed /DEBUG /PDB:"F:\xampp\oop\Debug\student grade system.pdb" /TLBID:1 /DYNAMICBASE /NXCOMPAT /IMPLIB:"F:\xampp\oop\Debug\student grade system.lib" /MACHINE:X86 Debug\courses.obj
         Debug\grades.obj
         Debug\main.obj
         Debug\students.obj
         student grade system.vcxproj -> F:\xampp\oop\Debug\student grade system.exe
     1>已完成生成项目“F:\xampp\oop\student grade system\student grade system.vcxproj”(Build 个目标)的操作。

生成成功。

已用时间 00:00:03.45
